				;
				;	Disassembled by:
				;		DASMx object code disassembler
				;		(c) Copyright 1996-2003   Conquest Consultants
				;		Version 1.40 (Oct 18 2003)
				;
				;	File:		OSI-65A-Dump.bin
				;
				;	Size:		256 bytes
				;	Checksum:	7B28
				;	CRC-32:		BB9AFACC
				;
				;	Date:		Tue Aug 18 19:48:37 2015
				;
				;	CPU:		MOS Technology 6502 (MCS6500 family)
				;
				;
				;
					org	$FE00
				;
FE00				LFE00:
FE00 : AD 00 FC		"   "		lda	XFC00
FE03 : 4A		"J"		lsr	a
FE04 : 90 FA		"  "		bcc	LFE00
FE06 : AD 01 FC		"   "		lda	XFC01
FE09 : 29 7F		") "		and	#$7F
FE0B				LFE0B:
FE0B : 48		"H"		pha
FE0C				LFE0C:
FE0C : AD 00 FC		"   "		lda	XFC00
FE0F : 4A		"J"		lsr	a
FE10 : 4A		"J"		lsr	a
FE11 : 90 F9		"  "		bcc	LFE0C
FE13 : 68		"h"		pla
FE14 : 8D 01 FC		"   "		sta	XFC01
FE17 : 60		"`"		rts
				;
FE18				LFE18:
FE18 : 20 00 FE		"   "		jsr	LFE00
FE1B : C9 52		" R"		cmp	#$52
FE1D : F0 16		"  "		beq	LFE35
FE1F : C9 30		" 0"		cmp	#$30
FE21 : 30 F5		"0 "		bmi	LFE18
FE23 : C9 3A		" :"		cmp	#$3A
FE25 : 30 0B		"0 "		bmi	LFE32
FE27 : C9 41		" A"		cmp	#$41
FE29 : 30 ED		"0 "		bmi	LFE18
FE2B : C9 47		" G"		cmp	#$47
FE2D : 10 E9		"  "		bpl	LFE18
FE2F : 18		" "		clc
FE30 : E9 06		"  "		sbc	#$06
FE32				LFE32:
FE32 : 29 0F		") "		and	#$0F
FE34 : 60		"`"		rts
				;
FE35				LFE35:
FE35 : A9 03		"  "		lda	#$03
FE37 : 8D 00 FC		"   "		sta	XFC00
FE3A : A9 B1		"  "		lda	#$B1
FE3C : 8D 00 FC		"   "		sta	XFC00
FE3F : D8		" "		cld
FE40				LFE40:
FE40 : 78		"x"		sei
FE41 : A2 26		" &"		ldx	#$26
FE43 : 9A		" "		txs
FE44 : A9 0D		"  "		lda	#$0D
FE46 : 20 0B FE		"   "		jsr	LFE0B
FE49 : A9 0A		"  "		lda	#$0A
FE4B : 20 0B FE		"   "		jsr	LFE0B
FE4E : 20 00 FE		"   "		jsr	LFE00
FE51 : C9 4C		" L"		cmp	#$4C
FE53 : F0 22		" ""		beq	LFE77
FE55 : C9 50		" P"		cmp	#$50
FE57 : F0 34		" 4"		beq	LFE8D
FE59 : C9 47		" G"		cmp	#$47
FE5B : D0 D8		"  "		bne	LFE35
FE5D : AE 2D 01		" - "		ldx	X012D
FE60 : 9A		" "		txs
FE61 : AE 2A 01		" * "		ldx	X012A
FE64 : AC 29 01		" ) "		ldy	X0129
FE67 : AD 2E 01		" . "		lda	X012E
FE6A : 48		"H"		pha
FE6B : AD 2F 01		" / "		lda	X012F
FE6E : 48		"H"		pha
FE6F : AD 2C 01		" , "		lda	X012C
FE72 : 48		"H"		pha
FE73 : AD 2B 01		" + "		lda	X012B
FE76 : 40		"@"		rti
				;
FE77				LFE77:
FE77 : 20 C7 FE		"   "		jsr	LFEC7
FE7A : A2 03		"  "		ldx	#$03
FE7C : A0 00		"  "		ldy	#$00
FE7E				LFE7E:
FE7E : 20 B5 FE		"   "		jsr	LFEB5
FE81 : A5 FF		"  "		lda	X00FF
FE83 : 91 FC		"  "		sta	(X00FC),y
FE85 : C8		" "		iny
FE86 : D0 F6		"  "		bne	LFE7E
FE88 : E6 FD		"  "		inc	X00FD
FE8A : B8		" "		clv
FE8B : 50 F1		"P "		bvc	LFE7E
FE8D				LFE8D:
FE8D : 20 C7 FE		"   "		jsr	LFEC7
FE90 : A0 00		"  "		ldy	#$00
FE92				LFE92:
FE92 : A2 09		"  "		ldx	#$09
FE94 : A9 0D		"  "		lda	#$0D
FE96 : 20 0B FE		"   "		jsr	LFE0B
FE99 : A9 0A		"  "		lda	#$0A
FE9B : 20 0B FE		"   "		jsr	LFE0B
FE9E				LFE9E:
FE9E : CA		" "		dex
FE9F : F0 0B		"  "		beq	LFEAC
FEA1 : 20 E0 FE		"   "		jsr	LFEE0
FEA4 : C8		" "		iny
FEA5 : D0 F7		"  "		bne	LFE9E
FEA7 : E6 FD		"  "		inc	X00FD
FEA9 : 4C 9E FE		"L  "		jmp	LFE9E
				;
FEAC				LFEAC:
FEAC : AD 00 FC		"   "		lda	XFC00
FEAF : 4A		"J"		lsr	a
FEB0 : B0 8E		"  "		bcs	LFE40
FEB2 : EA		" "		nop
FEB3 : 90 DD		"  "		bcc	LFE92
FEB5				LFEB5:
FEB5 : 20 18 FE		"   "		jsr	LFE18
FEB8 : 0A		" "		asl	a
FEB9 : 0A		" "		asl	a
FEBA : 0A		" "		asl	a
FEBB : 0A		" "		asl	a
FEBC : 95 FC		"  "		sta	X00FC,x
FEBE : 20 18 FE		"   "		jsr	LFE18
FEC1 : 18		" "		clc
FEC2 : 75 FC		"u "		adc	X00FC,x
FEC4 : 95 FC		"  "		sta	X00FC,x
FEC6 : 60		"`"		rts
				;
FEC7				LFEC7:
FEC7 : A2 01		"  "		ldx	#$01
FEC9 : 20 B5 FE		"   "		jsr	LFEB5
FECC : CA		" "		dex
FECD : 20 B5 FE		"   "		jsr	LFEB5
FED0 : 60		"`"		rts
				;
FED1				LFED1:
FED1 : 18		" "		clc
FED2 : 69 30		"i0"		adc	#$30
FED4 : C9 3A		" :"		cmp	#$3A
FED6 : B0 04		"  "		bcs	LFEDC
FED8				LFED8:
FED8 : 20 0B FE		"   "		jsr	LFE0B
FEDB : 60		"`"		rts
				;
FEDC				LFEDC:
FEDC : 69 06		"i "		adc	#$06
FEDE : 90 F8		"  "		bcc	LFED8
FEE0				LFEE0:
FEE0 : B1 FC		"  "		lda	(X00FC),y
FEE2 : 29 F0		") "		and	#$F0
FEE4 : 4A		"J"		lsr	a
FEE5 : 4A		"J"		lsr	a
FEE6 : 4A		"J"		lsr	a
FEE7 : 4A		"J"		lsr	a
FEE8 : 20 D1 FE		"   "		jsr	LFED1
FEEB : B1 FC		"  "		lda	(X00FC),y
FEED : 29 0F		") "		and	#$0F
FEEF : 20 D1 FE		"   "		jsr	LFED1
FEF2 : A9 20		"  "		lda	#$20
FEF4 : 20 0B FE		"   "		jsr	LFE0B
FEF7 : 60		"`"		rts
FEF8 : 40		"@"		rti
				;
FEF9 : 9D 30 01		" 0 "		sta	X0130,x
FEFC : 35 FE		"5 "		and	X00FE,x
FEFE : C0 01		"  "		cpy	#$01

;--------------------------------------------------------------
Symbol table
============

Value		Type	Name
-----		----	----
00FC		Data	X00FC
00FD		Data	X00FD
00FE		Data	X00FE
00FF		Data	X00FF
0129		Data	X0129
012A		Data	X012A
012B		Data	X012B
012C		Data	X012C
012D		Data	X012D
012E		Data	X012E
012F		Data	X012F
0130		Data	X0130
FC00		Data	XFC00
FC01		Data	XFC01
FE00		Code	LFE00
FE0B		Code	LFE0B
FE0C		Code	LFE0C
FE18		Code	LFE18
FE32		Code	LFE32
FE35		Code	LFE35
FE40		Code	LFE40
FE77		Code	LFE77
FE7E		Code	LFE7E
FE8D		Code	LFE8D
FE92		Code	LFE92
FE9E		Code	LFE9E
FEAC		Code	LFEAC
FEB5		Code	LFEB5
FEC7		Code	LFEC7
FED1		Code	LFED1
FED8		Code	LFED8
FEDC		Code	LFEDC
FEE0		Code	LFEE0

Number of symbols:			33

;--------------------------------------------------------------
